2025-08-31 08:48:21,190 [INFO] Activator:176 - 


2025-08-31 08:48:21,193 [INFO] Activator:177 - !SESSION log4j initialized
2025-08-31 08:48:22,441 [INFO] LogOutputStream:77 - [STDOUT_REDIRECT] 
2025-08-31 08:48:22,847 [ERROR] LogOutputStream:75 - [STDERR_REDIRECT] java.net.URISyntaxException: Illegal character in path at index 22: file:/home/farhan/test project/can bus project/stm32_can_bus/.metadata/.log4j2.xml
2025-08-31 08:48:22,848 [ERROR] LogOutputStream:75 - [STDERR_REDIRECT] 	at java.base/java.net.URI$Parser.fail(URI.java:2995)
2025-08-31 08:48:22,848 [ERROR] LogOutputStream:75 - [STDERR_REDIRECT] 	at java.base/java.net.URI$Parser.checkChars(URI.java:3166)
2025-08-31 08:48:22,848 [ERROR] LogOutputStream:75 - [STDERR_REDIRECT] 	at java.base/java.net.URI$Parser.parseHierarchical(URI.java:3248)
2025-08-31 08:48:22,848 [ERROR] LogOutputStream:75 - [STDERR_REDIRECT] 	at java.base/java.net.URI$Parser.parse(URI.java:3196)
2025-08-31 08:48:22,849 [ERROR] LogOutputStream:75 - [STDERR_REDIRECT] 	at java.base/java.net.URI.<init>(URI.java:645)
2025-08-31 08:48:22,849 [ERROR] LogOutputStream:75 - [STDERR_REDIRECT] 	at java.base/java.net.URL.toURI(URL.java:1220)
2025-08-31 08:48:22,849 [ERROR] LogOutputStream:75 - [STDERR_REDIRECT] 	at com.st.stm32cube.common.mx.core.CubeMxInstance.getInstance(CubeMxInstance.java:81)
2025-08-31 08:48:22,849 [ERROR] LogOutputStream:75 - [STDERR_REDIRECT] 	at com.st.stm32cube.common.mx.userauth.UserAuthAdapter.<init>(UserAuthAdapter.java:25)
2025-08-31 08:48:22,849 [ERROR] LogOutputStream:75 - [STDERR_REDIRECT] 	at com.st.stm32cube.common.mx.userauth.UserAuthProvider.getUserAuthAdapter(UserAuthProvider.java:16)
2025-08-31 08:48:22,849 [ERROR] LogOutputStream:75 - [STDERR_REDIRECT] 	at com.st.stm32cube.common.ecosystemintegration.ui.core.MCUEcoSystemIntegrationUiHelper.getUserAuth(MCUEcoSystemIntegrationUiHelper.java:100)
2025-08-31 08:48:22,849 [ERROR] LogOutputStream:75 - [STDERR_REDIRECT] 	at com.st.stm32cube.ide.mcu.userauth.UserAuthStartup.earlyStartup(UserAuthStartup.java:32)
2025-08-31 08:48:22,849 [ERROR] LogOutputStream:75 - [STDERR_REDIRECT] 	at org.eclipse.ui.internal.EarlyStartupRunnable.runEarlyStartup(EarlyStartupRunnable.java:79)
2025-08-31 08:48:22,849 [ERROR] LogOutputStream:75 - [STDERR_REDIRECT] 	at org.eclipse.ui.internal.EarlyStartupRunnable.run(EarlyStartupRunnable.java:55)
2025-08-31 08:48:22,849 [ERROR] LogOutputStream:75 - [STDERR_REDIRECT] 	at org.eclipse.core.runtime.SafeRunner.run(SafeRunner.java:47)
2025-08-31 08:48:22,850 [ERROR] LogOutputStream:75 - [STDERR_REDIRECT] 	at org.eclipse.ui.internal.Workbench$39.run(Workbench.java:2733)
2025-08-31 08:48:22,850 [ERROR] LogOutputStream:75 - [STDERR_REDIRECT] 	at org.eclipse.core.internal.jobs.Worker.run(Worker.java:63)
2025-08-31 08:48:24,557 [ERROR] LogOutputStream:75 - [STDERR_REDIRECT] Aug 31, 2025 8:48:24 AM java.util.prefs.FileSystemPreferences$2 run
2025-08-31 08:48:24,557 [ERROR] LogOutputStream:75 - [STDERR_REDIRECT] WARNING: Could not create system preferences directory. System preferences are unusable.
2025-08-31 08:48:24,557 [ERROR] LogOutputStream:75 - [STDERR_REDIRECT] 
2025-08-31 08:48:54,151 [ERROR] LogOutputStream:75 - [STDERR_REDIRECT] Aug 31, 2025 8:48:54 AM java.util.prefs.FileSystemPreferences checkLockFile0ErrorCode
2025-08-31 08:48:54,152 [ERROR] LogOutputStream:75 - [STDERR_REDIRECT] WARNING: Could not lock System prefs. Unix error code 2.
2025-08-31 08:48:54,152 [ERROR] LogOutputStream:75 - [STDERR_REDIRECT] 
2025-08-31 08:48:54,153 [ERROR] LogOutputStream:75 - [STDERR_REDIRECT] Aug 31, 2025 8:48:54 AM java.util.prefs.FileSystemPreferences syncWorld
2025-08-31 08:48:54,153 [ERROR] LogOutputStream:75 - [STDERR_REDIRECT] WARNING: Couldn't flush system prefs: java.util.prefs.BackingStoreException: Couldn't get file lock.
2025-08-31 08:48:54,153 [ERROR] LogOutputStream:75 - [STDERR_REDIRECT] 
2025-08-31 08:49:24,148 [ERROR] LogOutputStream:75 - [STDERR_REDIRECT] Aug 31, 2025 8:49:24 AM java.util.prefs.FileSystemPreferences checkLockFile0ErrorCode
2025-08-31 08:49:24,148 [ERROR] LogOutputStream:75 - [STDERR_REDIRECT] WARNING: Could not lock System prefs. Unix error code 2.
2025-08-31 08:49:24,148 [ERROR] LogOutputStream:75 - [STDERR_REDIRECT] 
2025-08-31 08:49:24,149 [ERROR] LogOutputStream:75 - [STDERR_REDIRECT] Aug 31, 2025 8:49:24 AM java.util.prefs.FileSystemPreferences syncWorld
2025-08-31 08:49:24,149 [ERROR] LogOutputStream:75 - [STDERR_REDIRECT] WARNING: Couldn't flush system prefs: java.util.prefs.BackingStoreException: Couldn't get file lock.
2025-08-31 08:49:24,149 [ERROR] LogOutputStream:75 - [STDERR_REDIRECT] 
2025-08-31 08:49:54,146 [ERROR] LogOutputStream:75 - [STDERR_REDIRECT] Aug 31, 2025 8:49:54 AM java.util.prefs.FileSystemPreferences checkLockFile0ErrorCode
2025-08-31 08:49:54,146 [ERROR] LogOutputStream:75 - [STDERR_REDIRECT] WARNING: Could not lock System prefs. Unix error code 2.
2025-08-31 08:49:54,147 [ERROR] LogOutputStream:75 - [STDERR_REDIRECT] 
2025-08-31 08:49:54,147 [ERROR] LogOutputStream:75 - [STDERR_REDIRECT] Aug 31, 2025 8:49:54 AM java.util.prefs.FileSystemPreferences syncWorld
2025-08-31 08:49:54,147 [ERROR] LogOutputStream:75 - [STDERR_REDIRECT] WARNING: Couldn't flush system prefs: java.util.prefs.BackingStoreException: Couldn't get file lock.
2025-08-31 08:49:54,148 [ERROR] LogOutputStream:75 - [STDERR_REDIRECT] 
2025-08-31 08:50:24,146 [ERROR] LogOutputStream:75 - [STDERR_REDIRECT] Aug 31, 2025 8:50:24 AM java.util.prefs.FileSystemPreferences checkLockFile0ErrorCode
2025-08-31 08:50:24,146 [ERROR] LogOutputStream:75 - [STDERR_REDIRECT] WARNING: Could not lock System prefs. Unix error code 2.
2025-08-31 08:50:24,147 [ERROR] LogOutputStream:75 - [STDERR_REDIRECT] 
2025-08-31 08:50:24,147 [ERROR] LogOutputStream:75 - [STDERR_REDIRECT] Aug 31, 2025 8:50:24 AM java.util.prefs.FileSystemPreferences syncWorld
2025-08-31 08:50:24,147 [ERROR] LogOutputStream:75 - [STDERR_REDIRECT] WARNING: Couldn't flush system prefs: java.util.prefs.BackingStoreException: Couldn't get file lock.
2025-08-31 08:50:24,147 [ERROR] LogOutputStream:75 - [STDERR_REDIRECT] 
2025-08-31 08:50:54,149 [ERROR] LogOutputStream:75 - [STDERR_REDIRECT] Aug 31, 2025 8:50:54 AM java.util.prefs.FileSystemPreferences checkLockFile0ErrorCode
2025-08-31 08:50:54,150 [ERROR] LogOutputStream:75 - [STDERR_REDIRECT] WARNING: Could not lock System prefs. Unix error code 2.
2025-08-31 08:50:54,150 [ERROR] LogOutputStream:75 - [STDERR_REDIRECT] 
2025-08-31 08:50:54,150 [ERROR] LogOutputStream:75 - [STDERR_REDIRECT] Aug 31, 2025 8:50:54 AM java.util.prefs.FileSystemPreferences syncWorld
2025-08-31 08:50:54,150 [ERROR] LogOutputStream:75 - [STDERR_REDIRECT] WARNING: Couldn't flush system prefs: java.util.prefs.BackingStoreException: Couldn't get file lock.
2025-08-31 08:50:54,150 [ERROR] LogOutputStream:75 - [STDERR_REDIRECT] 
2025-08-31 08:51:24,149 [ERROR] LogOutputStream:75 - [STDERR_REDIRECT] Aug 31, 2025 8:51:24 AM java.util.prefs.FileSystemPreferences checkLockFile0ErrorCode
2025-08-31 08:51:24,150 [ERROR] LogOutputStream:75 - [STDERR_REDIRECT] WARNING: Could not lock System prefs. Unix error code 2.
2025-08-31 08:51:24,150 [ERROR] LogOutputStream:75 - [STDERR_REDIRECT] 
2025-08-31 08:51:24,151 [ERROR] LogOutputStream:75 - [STDERR_REDIRECT] Aug 31, 2025 8:51:24 AM java.util.prefs.FileSystemPreferences syncWorld
2025-08-31 08:51:24,151 [ERROR] LogOutputStream:75 - [STDERR_REDIRECT] WARNING: Couldn't flush system prefs: java.util.prefs.BackingStoreException: Couldn't get file lock.
2025-08-31 08:51:24,151 [ERROR] LogOutputStream:75 - [STDERR_REDIRECT] 
2025-08-31 08:51:54,149 [ERROR] LogOutputStream:75 - [STDERR_REDIRECT] Aug 31, 2025 8:51:54 AM java.util.prefs.FileSystemPreferences checkLockFile0ErrorCode
2025-08-31 08:51:54,150 [ERROR] LogOutputStream:75 - [STDERR_REDIRECT] WARNING: Could not lock System prefs. Unix error code 2.
2025-08-31 08:51:54,150 [ERROR] LogOutputStream:75 - [STDERR_REDIRECT] 
2025-08-31 08:51:54,150 [ERROR] LogOutputStream:75 - [STDERR_REDIRECT] Aug 31, 2025 8:51:54 AM java.util.prefs.FileSystemPreferences syncWorld
2025-08-31 08:51:54,150 [ERROR] LogOutputStream:75 - [STDERR_REDIRECT] WARNING: Couldn't flush system prefs: java.util.prefs.BackingStoreException: Couldn't get file lock.
2025-08-31 08:51:54,151 [ERROR] LogOutputStream:75 - [STDERR_REDIRECT] 
2025-08-31 08:52:24,150 [ERROR] LogOutputStream:75 - [STDERR_REDIRECT] Aug 31, 2025 8:52:24 AM java.util.prefs.FileSystemPreferences checkLockFile0ErrorCode
2025-08-31 08:52:24,150 [ERROR] LogOutputStream:75 - [STDERR_REDIRECT] WARNING: Could not lock System prefs. Unix error code 2.
2025-08-31 08:52:24,150 [ERROR] LogOutputStream:75 - [STDERR_REDIRECT] 
2025-08-31 08:52:24,151 [ERROR] LogOutputStream:75 - [STDERR_REDIRECT] Aug 31, 2025 8:52:24 AM java.util.prefs.FileSystemPreferences syncWorld
2025-08-31 08:52:24,151 [ERROR] LogOutputStream:75 - [STDERR_REDIRECT] WARNING: Couldn't flush system prefs: java.util.prefs.BackingStoreException: Couldn't get file lock.
2025-08-31 08:52:24,151 [ERROR] LogOutputStream:75 - [STDERR_REDIRECT] 
2025-08-31 08:52:54,150 [ERROR] LogOutputStream:75 - [STDERR_REDIRECT] Aug 31, 2025 8:52:54 AM java.util.prefs.FileSystemPreferences checkLockFile0ErrorCode
2025-08-31 08:52:54,151 [ERROR] LogOutputStream:75 - [STDERR_REDIRECT] WARNING: Could not lock System prefs. Unix error code 2.
2025-08-31 08:52:54,151 [ERROR] LogOutputStream:75 - [STDERR_REDIRECT] 
2025-08-31 08:52:54,151 [ERROR] LogOutputStream:75 - [STDERR_REDIRECT] Aug 31, 2025 8:52:54 AM java.util.prefs.FileSystemPreferences syncWorld
2025-08-31 08:52:54,151 [ERROR] LogOutputStream:75 - [STDERR_REDIRECT] WARNING: Couldn't flush system prefs: java.util.prefs.BackingStoreException: Couldn't get file lock.
2025-08-31 08:52:54,151 [ERROR] LogOutputStream:75 - [STDERR_REDIRECT] 
2025-08-31 08:53:24,152 [ERROR] LogOutputStream:75 - [STDERR_REDIRECT] Aug 31, 2025 8:53:24 AM java.util.prefs.FileSystemPreferences checkLockFile0ErrorCode
2025-08-31 08:53:24,153 [ERROR] LogOutputStream:75 - [STDERR_REDIRECT] WARNING: Could not lock System prefs. Unix error code 2.
2025-08-31 08:53:24,153 [ERROR] LogOutputStream:75 - [STDERR_REDIRECT] 
2025-08-31 08:53:24,153 [ERROR] LogOutputStream:75 - [STDERR_REDIRECT] Aug 31, 2025 8:53:24 AM java.util.prefs.FileSystemPreferences syncWorld
2025-08-31 08:53:24,153 [ERROR] LogOutputStream:75 - [STDERR_REDIRECT] WARNING: Couldn't flush system prefs: java.util.prefs.BackingStoreException: Couldn't get file lock.
2025-08-31 08:53:24,154 [ERROR] LogOutputStream:75 - [STDERR_REDIRECT] 
2025-08-31 08:53:30,400 [ERROR] LogOutputStream:75 - [STDERR_REDIRECT] Exception in thread "AWT-EventQueue-0" java.lang.NullPointerException: Cannot invoke "com.st.stm32cube.common.mx.targetselector.IdeMcuFinder.cleanUp(boolean)" because "this.this$0.mcuFinder" is null
2025-08-31 08:53:30,401 [ERROR] LogOutputStream:75 - [STDERR_REDIRECT] 	at com.st.stm32cube.common.mx.targetselector.TargetSelectorAdapter$7.run(TargetSelectorAdapter.java:353)
2025-08-31 08:53:30,401 [ERROR] LogOutputStream:75 - [STDERR_REDIRECT] 	at com.st.stm32cube.common.mx.oss.core.awtswtbridge.AwtEnvironment$2.run(AwtEnvironment.java:166)
2025-08-31 08:53:30,401 [ERROR] LogOutputStream:75 - [STDERR_REDIRECT] 	at java.desktop/java.awt.event.InvocationEvent.dispatch(InvocationEvent.java:318)
2025-08-31 08:53:30,401 [ERROR] LogOutputStream:75 - [STDERR_REDIRECT] 	at java.desktop/java.awt.EventQueue.dispatchEventImpl(EventQueue.java:773)
2025-08-31 08:53:30,402 [ERROR] LogOutputStream:75 - [STDERR_REDIRECT] 	at java.desktop/java.awt.EventQueue$4.run(EventQueue.java:720)
2025-08-31 08:53:30,402 [ERROR] LogOutputStream:75 - [STDERR_REDIRECT] 	at java.desktop/java.awt.EventQueue$4.run(EventQueue.java:714)
2025-08-31 08:53:30,402 [ERROR] LogOutputStream:75 - [STDERR_REDIRECT] 	at java.base/java.security.AccessController.doPrivileged(AccessController.java:400)
2025-08-31 08:53:30,402 [ERROR] LogOutputStream:75 - [STDERR_REDIRECT] 	at java.base/java.security.ProtectionDomain$JavaSecurityAccessImpl.doIntersectionPrivilege(ProtectionDomain.java:87)
2025-08-31 08:53:30,402 [ERROR] LogOutputStream:75 - [STDERR_REDIRECT] 	at java.desktop/java.awt.EventQueue.dispatchEvent(EventQueue.java:742)
2025-08-31 08:53:30,402 [ERROR] LogOutputStream:75 - [STDERR_REDIRECT] 	at java.desktop/java.awt.EventDispatchThread.pumpOneEventForFilters(EventDispatchThread.java:203)
2025-08-31 08:53:30,402 [ERROR] LogOutputStream:75 - [STDERR_REDIRECT] 	at java.desktop/java.awt.EventDispatchThread.pumpEventsForFilter(EventDispatchThread.java:124)
2025-08-31 08:53:30,402 [ERROR] LogOutputStream:75 - [STDERR_REDIRECT] 	at java.desktop/java.awt.EventDispatchThread.pumpEventsForHierarchy(EventDispatchThread.java:113)
2025-08-31 08:53:30,402 [ERROR] LogOutputStream:75 - [STDERR_REDIRECT] 	at java.desktop/java.awt.EventDispatchThread.pumpEvents(EventDispatchThread.java:109)
2025-08-31 08:53:30,403 [ERROR] LogOutputStream:75 - [STDERR_REDIRECT] 	at java.desktop/java.awt.EventDispatchThread.pumpEvents(EventDispatchThread.java:101)
2025-08-31 08:53:30,403 [ERROR] LogOutputStream:75 - [STDERR_REDIRECT] 	at java.desktop/java.awt.EventDispatchThread.run(EventDispatchThread.java:90)
2025-08-31 08:53:54,159 [ERROR] LogOutputStream:75 - [STDERR_REDIRECT] Aug 31, 2025 8:53:54 AM java.util.prefs.FileSystemPreferences checkLockFile0ErrorCode
2025-08-31 08:53:54,160 [ERROR] LogOutputStream:75 - [STDERR_REDIRECT] WARNING: Could not lock System prefs. Unix error code 2.
2025-08-31 08:53:54,160 [ERROR] LogOutputStream:75 - [STDERR_REDIRECT] 
2025-08-31 08:53:54,161 [ERROR] LogOutputStream:75 - [STDERR_REDIRECT] Aug 31, 2025 8:53:54 AM java.util.prefs.FileSystemPreferences syncWorld
2025-08-31 08:53:54,161 [ERROR] LogOutputStream:75 - [STDERR_REDIRECT] WARNING: Couldn't flush system prefs: java.util.prefs.BackingStoreException: Couldn't get file lock.
2025-08-31 08:53:54,161 [ERROR] LogOutputStream:75 - [STDERR_REDIRECT] 
2025-08-31 08:53:55,076 [ERROR] LogOutputStream:75 - [STDERR_REDIRECT] 
2025-08-31 08:53:55,078 [ERROR] LogOutputStream:75 - [STDERR_REDIRECT] 
2025-08-31 11:06:12,176 [INFO] Activator:176 - 


2025-08-31 11:06:12,177 [INFO] Activator:177 - !SESSION log4j initialized
2025-08-31 11:06:13,324 [INFO] LogOutputStream:77 - [STDOUT_REDIRECT] 
2025-08-31 11:06:13,680 [ERROR] LogOutputStream:75 - [STDERR_REDIRECT] java.net.URISyntaxException: Illegal character in path at index 22: file:/home/farhan/test project/can bus project/stm32_can_bus/.metadata/.log4j2.xml
2025-08-31 11:06:13,681 [ERROR] LogOutputStream:75 - [STDERR_REDIRECT] 	at java.base/java.net.URI$Parser.fail(URI.java:2995)
2025-08-31 11:06:13,681 [ERROR] LogOutputStream:75 - [STDERR_REDIRECT] 	at java.base/java.net.URI$Parser.checkChars(URI.java:3166)
2025-08-31 11:06:13,681 [ERROR] LogOutputStream:75 - [STDERR_REDIRECT] 	at java.base/java.net.URI$Parser.parseHierarchical(URI.java:3248)
2025-08-31 11:06:13,681 [ERROR] LogOutputStream:75 - [STDERR_REDIRECT] 	at java.base/java.net.URI$Parser.parse(URI.java:3196)
2025-08-31 11:06:13,681 [ERROR] LogOutputStream:75 - [STDERR_REDIRECT] 	at java.base/java.net.URI.<init>(URI.java:645)
2025-08-31 11:06:13,682 [ERROR] LogOutputStream:75 - [STDERR_REDIRECT] 	at java.base/java.net.URL.toURI(URL.java:1220)
2025-08-31 11:06:13,682 [ERROR] LogOutputStream:75 - [STDERR_REDIRECT] 	at com.st.stm32cube.common.mx.core.CubeMxInstance.getInstance(CubeMxInstance.java:81)
2025-08-31 11:06:13,682 [ERROR] LogOutputStream:75 - [STDERR_REDIRECT] 	at com.st.stm32cube.common.mx.userauth.UserAuthAdapter.<init>(UserAuthAdapter.java:25)
2025-08-31 11:06:13,682 [ERROR] LogOutputStream:75 - [STDERR_REDIRECT] 	at com.st.stm32cube.common.mx.userauth.UserAuthProvider.getUserAuthAdapter(UserAuthProvider.java:16)
2025-08-31 11:06:13,682 [ERROR] LogOutputStream:75 - [STDERR_REDIRECT] 	at com.st.stm32cube.common.ecosystemintegration.ui.core.MCUEcoSystemIntegrationUiHelper.getUserAuth(MCUEcoSystemIntegrationUiHelper.java:100)
2025-08-31 11:06:13,682 [ERROR] LogOutputStream:75 - [STDERR_REDIRECT] 	at com.st.stm32cube.ide.mcu.userauth.UserAuthStartup.earlyStartup(UserAuthStartup.java:32)
2025-08-31 11:06:13,682 [ERROR] LogOutputStream:75 - [STDERR_REDIRECT] 	at org.eclipse.ui.internal.EarlyStartupRunnable.runEarlyStartup(EarlyStartupRunnable.java:79)
2025-08-31 11:06:13,682 [ERROR] LogOutputStream:75 - [STDERR_REDIRECT] 	at org.eclipse.ui.internal.EarlyStartupRunnable.run(EarlyStartupRunnable.java:55)
2025-08-31 11:06:13,682 [ERROR] LogOutputStream:75 - [STDERR_REDIRECT] 	at org.eclipse.core.runtime.SafeRunner.run(SafeRunner.java:47)
2025-08-31 11:06:13,682 [ERROR] LogOutputStream:75 - [STDERR_REDIRECT] 	at org.eclipse.ui.internal.Workbench$39.run(Workbench.java:2733)
2025-08-31 11:06:13,683 [ERROR] LogOutputStream:75 - [STDERR_REDIRECT] 	at org.eclipse.core.internal.jobs.Worker.run(Worker.java:63)
2025-08-31 11:06:15,221 [ERROR] LogOutputStream:75 - [STDERR_REDIRECT] Aug 31, 2025 11:06:15 AM java.util.prefs.FileSystemPreferences$2 run
2025-08-31 11:06:15,221 [ERROR] LogOutputStream:75 - [STDERR_REDIRECT] WARNING: Could not create system preferences directory. System preferences are unusable.
2025-08-31 11:06:15,221 [ERROR] LogOutputStream:75 - [STDERR_REDIRECT] 
2025-08-31 11:06:45,008 [ERROR] LogOutputStream:75 - [STDERR_REDIRECT] Aug 31, 2025 11:06:45 AM java.util.prefs.FileSystemPreferences checkLockFile0ErrorCode
2025-08-31 11:06:45,009 [ERROR] LogOutputStream:75 - [STDERR_REDIRECT] WARNING: Could not lock System prefs. Unix error code 2.
2025-08-31 11:06:45,009 [ERROR] LogOutputStream:75 - [STDERR_REDIRECT] 
2025-08-31 11:06:45,009 [ERROR] LogOutputStream:75 - [STDERR_REDIRECT] Aug 31, 2025 11:06:45 AM java.util.prefs.FileSystemPreferences syncWorld
2025-08-31 11:06:45,009 [ERROR] LogOutputStream:75 - [STDERR_REDIRECT] WARNING: Couldn't flush system prefs: java.util.prefs.BackingStoreException: Couldn't get file lock.
2025-08-31 11:06:45,009 [ERROR] LogOutputStream:75 - [STDERR_REDIRECT] 
2025-08-31 11:07:15,005 [ERROR] LogOutputStream:75 - [STDERR_REDIRECT] Aug 31, 2025 11:07:15 AM java.util.prefs.FileSystemPreferences checkLockFile0ErrorCode
2025-08-31 11:07:15,006 [ERROR] LogOutputStream:75 - [STDERR_REDIRECT] WARNING: Could not lock System prefs. Unix error code 2.
2025-08-31 11:07:15,006 [ERROR] LogOutputStream:75 - [STDERR_REDIRECT] 
2025-08-31 11:07:15,006 [ERROR] LogOutputStream:75 - [STDERR_REDIRECT] Aug 31, 2025 11:07:15 AM java.util.prefs.FileSystemPreferences syncWorld
2025-08-31 11:07:15,007 [ERROR] LogOutputStream:75 - [STDERR_REDIRECT] WARNING: Couldn't flush system prefs: java.util.prefs.BackingStoreException: Couldn't get file lock.
2025-08-31 11:07:15,007 [ERROR] LogOutputStream:75 - [STDERR_REDIRECT] 
2025-08-31 11:07:45,004 [ERROR] LogOutputStream:75 - [STDERR_REDIRECT] Aug 31, 2025 11:07:45 AM java.util.prefs.FileSystemPreferences checkLockFile0ErrorCode
2025-08-31 11:07:45,004 [ERROR] LogOutputStream:75 - [STDERR_REDIRECT] WARNING: Could not lock System prefs. Unix error code 2.
2025-08-31 11:07:45,005 [ERROR] LogOutputStream:75 - [STDERR_REDIRECT] 
2025-08-31 11:07:45,005 [ERROR] LogOutputStream:75 - [STDERR_REDIRECT] Aug 31, 2025 11:07:45 AM java.util.prefs.FileSystemPreferences syncWorld
2025-08-31 11:07:45,005 [ERROR] LogOutputStream:75 - [STDERR_REDIRECT] WARNING: Couldn't flush system prefs: java.util.prefs.BackingStoreException: Couldn't get file lock.
2025-08-31 11:07:45,005 [ERROR] LogOutputStream:75 - [STDERR_REDIRECT] 
2025-08-31 11:08:15,005 [ERROR] LogOutputStream:75 - [STDERR_REDIRECT] Aug 31, 2025 11:08:15 AM java.util.prefs.FileSystemPreferences checkLockFile0ErrorCode
2025-08-31 11:08:15,005 [ERROR] LogOutputStream:75 - [STDERR_REDIRECT] WARNING: Could not lock System prefs. Unix error code 2.
2025-08-31 11:08:15,005 [ERROR] LogOutputStream:75 - [STDERR_REDIRECT] 
2025-08-31 11:08:15,006 [ERROR] LogOutputStream:75 - [STDERR_REDIRECT] Aug 31, 2025 11:08:15 AM java.util.prefs.FileSystemPreferences syncWorld
2025-08-31 11:08:15,006 [ERROR] LogOutputStream:75 - [STDERR_REDIRECT] WARNING: Couldn't flush system prefs: java.util.prefs.BackingStoreException: Couldn't get file lock.
2025-08-31 11:08:15,006 [ERROR] LogOutputStream:75 - [STDERR_REDIRECT] 
2025-08-31 11:08:45,004 [ERROR] LogOutputStream:75 - [STDERR_REDIRECT] Aug 31, 2025 11:08:45 AM java.util.prefs.FileSystemPreferences checkLockFile0ErrorCode
2025-08-31 11:08:45,005 [ERROR] LogOutputStream:75 - [STDERR_REDIRECT] WARNING: Could not lock System prefs. Unix error code 2.
2025-08-31 11:08:45,005 [ERROR] LogOutputStream:75 - [STDERR_REDIRECT] 
2025-08-31 11:08:45,006 [ERROR] LogOutputStream:75 - [STDERR_REDIRECT] Aug 31, 2025 11:08:45 AM java.util.prefs.FileSystemPreferences syncWorld
2025-08-31 11:08:45,006 [ERROR] LogOutputStream:75 - [STDERR_REDIRECT] WARNING: Couldn't flush system prefs: java.util.prefs.BackingStoreException: Couldn't get file lock.
2025-08-31 11:08:45,007 [ERROR] LogOutputStream:75 - [STDERR_REDIRECT] 
2025-08-31 11:08:45,760 [ERROR] LogOutputStream:75 - [STDERR_REDIRECT] 
2025-08-31 11:08:51,988 [INFO] Activator:176 - 


2025-08-31 11:08:51,989 [INFO] Activator:177 - !SESSION log4j initialized
2025-08-31 11:08:53,135 [INFO] LogOutputStream:77 - [STDOUT_REDIRECT] 
2025-08-31 11:08:58,549 [ERROR] LogOutputStream:75 - [STDERR_REDIRECT] java.net.URISyntaxException: Illegal character in path at index 22: file:/home/farhan/test project/can bus project/stm32_can_bus/.metadata/.log4j2.xml
2025-08-31 11:08:58,549 [ERROR] LogOutputStream:75 - [STDERR_REDIRECT] 	at java.base/java.net.URI$Parser.fail(URI.java:2995)
2025-08-31 11:08:58,550 [ERROR] LogOutputStream:75 - [STDERR_REDIRECT] 	at java.base/java.net.URI$Parser.checkChars(URI.java:3166)
2025-08-31 11:08:58,591 [ERROR] LogOutputStream:75 - [STDERR_REDIRECT] 	at java.base/java.net.URI$Parser.parseHierarchical(URI.java:3248)
2025-08-31 11:08:58,592 [ERROR] LogOutputStream:75 - [STDERR_REDIRECT] 	at java.base/java.net.URI$Parser.parse(URI.java:3196)
2025-08-31 11:08:58,592 [ERROR] LogOutputStream:75 - [STDERR_REDIRECT] 	at java.base/java.net.URI.<init>(URI.java:645)
2025-08-31 11:08:58,593 [ERROR] LogOutputStream:75 - [STDERR_REDIRECT] 	at java.base/java.net.URL.toURI(URL.java:1220)
2025-08-31 11:08:58,593 [ERROR] LogOutputStream:75 - [STDERR_REDIRECT] 	at com.st.stm32cube.common.mx.core.CubeMxInstance.getInstance(CubeMxInstance.java:81)
2025-08-31 11:08:58,593 [ERROR] LogOutputStream:75 - [STDERR_REDIRECT] 	at com.st.stm32cube.common.mx.userauth.UserAuthAdapter.<init>(UserAuthAdapter.java:25)
2025-08-31 11:08:58,593 [ERROR] LogOutputStream:75 - [STDERR_REDIRECT] 	at com.st.stm32cube.common.mx.userauth.UserAuthProvider.getUserAuthAdapter(UserAuthProvider.java:16)
2025-08-31 11:08:58,594 [ERROR] LogOutputStream:75 - [STDERR_REDIRECT] 	at com.st.stm32cube.common.ecosystemintegration.ui.core.MCUEcoSystemIntegrationUiHelper.getUserAuth(MCUEcoSystemIntegrationUiHelper.java:100)
2025-08-31 11:08:58,594 [ERROR] LogOutputStream:75 - [STDERR_REDIRECT] 	at com.st.stm32cube.ide.mcu.userauth.UserAuthStartup.earlyStartup(UserAuthStartup.java:32)
2025-08-31 11:08:58,594 [ERROR] LogOutputStream:75 - [STDERR_REDIRECT] 	at org.eclipse.ui.internal.EarlyStartupRunnable.runEarlyStartup(EarlyStartupRunnable.java:79)
2025-08-31 11:08:58,594 [ERROR] LogOutputStream:75 - [STDERR_REDIRECT] 	at org.eclipse.ui.internal.EarlyStartupRunnable.run(EarlyStartupRunnable.java:55)
2025-08-31 11:08:58,595 [ERROR] LogOutputStream:75 - [STDERR_REDIRECT] 	at org.eclipse.core.runtime.SafeRunner.run(SafeRunner.java:47)
2025-08-31 11:08:58,595 [ERROR] LogOutputStream:75 - [STDERR_REDIRECT] 	at org.eclipse.ui.internal.Workbench$39.run(Workbench.java:2733)
2025-08-31 11:08:58,595 [ERROR] LogOutputStream:75 - [STDERR_REDIRECT] 	at org.eclipse.core.internal.jobs.Worker.run(Worker.java:63)
2025-08-31 11:09:01,068 [ERROR] LogOutputStream:75 - [STDERR_REDIRECT] Aug 31, 2025 11:09:01 AM java.util.prefs.FileSystemPreferences$2 run
2025-08-31 11:09:01,068 [ERROR] LogOutputStream:75 - [STDERR_REDIRECT] WARNING: Could not create system preferences directory. System preferences are unusable.
2025-08-31 11:09:01,069 [ERROR] LogOutputStream:75 - [STDERR_REDIRECT] 
2025-08-31 11:09:24,810 [ERROR] LogOutputStream:75 - [STDERR_REDIRECT] Aug 31, 2025 11:09:24 AM java.util.prefs.FileSystemPreferences checkLockFile0ErrorCode
2025-08-31 11:09:24,811 [ERROR] LogOutputStream:75 - [STDERR_REDIRECT] WARNING: Could not lock System prefs. Unix error code 2.
2025-08-31 11:09:24,811 [ERROR] LogOutputStream:75 - [STDERR_REDIRECT] 
2025-08-31 11:09:24,811 [ERROR] LogOutputStream:75 - [STDERR_REDIRECT] Aug 31, 2025 11:09:24 AM java.util.prefs.FileSystemPreferences syncWorld
2025-08-31 11:09:24,812 [ERROR] LogOutputStream:75 - [STDERR_REDIRECT] WARNING: Couldn't flush system prefs: java.util.prefs.BackingStoreException: Couldn't get file lock.
2025-08-31 11:09:24,812 [ERROR] LogOutputStream:75 - [STDERR_REDIRECT] 
2025-08-31 11:09:54,804 [ERROR] LogOutputStream:75 - [STDERR_REDIRECT] Aug 31, 2025 11:09:54 AM java.util.prefs.FileSystemPreferences checkLockFile0ErrorCode
2025-08-31 11:09:54,805 [ERROR] LogOutputStream:75 - [STDERR_REDIRECT] WARNING: Could not lock System prefs. Unix error code 2.
2025-08-31 11:09:54,805 [ERROR] LogOutputStream:75 - [STDERR_REDIRECT] 
2025-08-31 11:09:54,809 [ERROR] LogOutputStream:75 - [STDERR_REDIRECT] Aug 31, 2025 11:09:54 AM java.util.prefs.FileSystemPreferences syncWorld
2025-08-31 11:09:54,810 [ERROR] LogOutputStream:75 - [STDERR_REDIRECT] WARNING: Couldn't flush system prefs: java.util.prefs.BackingStoreException: Couldn't get file lock.
2025-08-31 11:09:54,810 [ERROR] LogOutputStream:75 - [STDERR_REDIRECT] 
2025-08-31 11:10:24,803 [ERROR] LogOutputStream:75 - [STDERR_REDIRECT] Aug 31, 2025 11:10:24 AM java.util.prefs.FileSystemPreferences checkLockFile0ErrorCode
2025-08-31 11:10:24,803 [ERROR] LogOutputStream:75 - [STDERR_REDIRECT] WARNING: Could not lock System prefs. Unix error code 2.
2025-08-31 11:10:24,803 [ERROR] LogOutputStream:75 - [STDERR_REDIRECT] 
2025-08-31 11:10:24,804 [ERROR] LogOutputStream:75 - [STDERR_REDIRECT] Aug 31, 2025 11:10:24 AM java.util.prefs.FileSystemPreferences syncWorld
2025-08-31 11:10:24,804 [ERROR] LogOutputStream:75 - [STDERR_REDIRECT] WARNING: Couldn't flush system prefs: java.util.prefs.BackingStoreException: Couldn't get file lock.
2025-08-31 11:10:24,804 [ERROR] LogOutputStream:75 - [STDERR_REDIRECT] 
2025-08-31 11:10:54,811 [ERROR] LogOutputStream:75 - [STDERR_REDIRECT] Aug 31, 2025 11:10:54 AM java.util.prefs.FileSystemPreferences checkLockFile0ErrorCode
2025-08-31 11:10:54,811 [ERROR] LogOutputStream:75 - [STDERR_REDIRECT] WARNING: Could not lock System prefs. Unix error code 2.
2025-08-31 11:10:54,811 [ERROR] LogOutputStream:75 - [STDERR_REDIRECT] 
2025-08-31 11:10:54,812 [ERROR] LogOutputStream:75 - [STDERR_REDIRECT] Aug 31, 2025 11:10:54 AM java.util.prefs.FileSystemPreferences syncWorld
2025-08-31 11:10:54,812 [ERROR] LogOutputStream:75 - [STDERR_REDIRECT] WARNING: Couldn't flush system prefs: java.util.prefs.BackingStoreException: Couldn't get file lock.
2025-08-31 11:10:54,812 [ERROR] LogOutputStream:75 - [STDERR_REDIRECT] 
2025-08-31 11:11:24,806 [ERROR] LogOutputStream:75 - [STDERR_REDIRECT] Aug 31, 2025 11:11:24 AM java.util.prefs.FileSystemPreferences checkLockFile0ErrorCode
2025-08-31 11:11:24,806 [ERROR] LogOutputStream:75 - [STDERR_REDIRECT] WARNING: Could not lock System prefs. Unix error code 2.
2025-08-31 11:11:24,806 [ERROR] LogOutputStream:75 - [STDERR_REDIRECT] 
2025-08-31 11:11:24,807 [ERROR] LogOutputStream:75 - [STDERR_REDIRECT] Aug 31, 2025 11:11:24 AM java.util.prefs.FileSystemPreferences syncWorld
2025-08-31 11:11:24,807 [ERROR] LogOutputStream:75 - [STDERR_REDIRECT] WARNING: Couldn't flush system prefs: java.util.prefs.BackingStoreException: Couldn't get file lock.
2025-08-31 11:11:24,807 [ERROR] LogOutputStream:75 - [STDERR_REDIRECT] 
2025-08-31 11:11:54,803 [ERROR] LogOutputStream:75 - [STDERR_REDIRECT] Aug 31, 2025 11:11:54 AM java.util.prefs.FileSystemPreferences checkLockFile0ErrorCode
2025-08-31 11:11:54,803 [ERROR] LogOutputStream:75 - [STDERR_REDIRECT] WARNING: Could not lock System prefs. Unix error code 2.
2025-08-31 11:11:54,803 [ERROR] LogOutputStream:75 - [STDERR_REDIRECT] 
2025-08-31 11:11:54,803 [ERROR] LogOutputStream:75 - [STDERR_REDIRECT] Aug 31, 2025 11:11:54 AM java.util.prefs.FileSystemPreferences syncWorld
2025-08-31 11:11:54,804 [ERROR] LogOutputStream:75 - [STDERR_REDIRECT] WARNING: Couldn't flush system prefs: java.util.prefs.BackingStoreException: Couldn't get file lock.
2025-08-31 11:11:54,804 [ERROR] LogOutputStream:75 - [STDERR_REDIRECT] 
2025-08-31 11:12:24,803 [ERROR] LogOutputStream:75 - [STDERR_REDIRECT] Aug 31, 2025 11:12:24 AM java.util.prefs.FileSystemPreferences checkLockFile0ErrorCode
2025-08-31 11:12:24,804 [ERROR] LogOutputStream:75 - [STDERR_REDIRECT] WARNING: Could not lock System prefs. Unix error code 2.
2025-08-31 11:12:24,804 [ERROR] LogOutputStream:75 - [STDERR_REDIRECT] 
2025-08-31 11:12:24,804 [ERROR] LogOutputStream:75 - [STDERR_REDIRECT] Aug 31, 2025 11:12:24 AM java.util.prefs.FileSystemPreferences syncWorld
2025-08-31 11:12:24,804 [ERROR] LogOutputStream:75 - [STDERR_REDIRECT] WARNING: Couldn't flush system prefs: java.util.prefs.BackingStoreException: Couldn't get file lock.
2025-08-31 11:12:24,804 [ERROR] LogOutputStream:75 - [STDERR_REDIRECT] 
2025-08-31 11:12:54,810 [ERROR] LogOutputStream:75 - [STDERR_REDIRECT] Aug 31, 2025 11:12:54 AM java.util.prefs.FileSystemPreferences checkLockFile0ErrorCode
2025-08-31 11:12:54,811 [ERROR] LogOutputStream:75 - [STDERR_REDIRECT] WARNING: Could not lock System prefs. Unix error code 2.
2025-08-31 11:12:54,811 [ERROR] LogOutputStream:75 - [STDERR_REDIRECT] 
2025-08-31 11:12:54,811 [ERROR] LogOutputStream:75 - [STDERR_REDIRECT] Aug 31, 2025 11:12:54 AM java.util.prefs.FileSystemPreferences syncWorld
2025-08-31 11:12:54,811 [ERROR] LogOutputStream:75 - [STDERR_REDIRECT] WARNING: Couldn't flush system prefs: java.util.prefs.BackingStoreException: Couldn't get file lock.
2025-08-31 11:12:54,811 [ERROR] LogOutputStream:75 - [STDERR_REDIRECT] 
2025-08-31 11:13:10,916 [ERROR] LogOutputStream:75 - [STDERR_REDIRECT] 
2025-08-31 11:13:22,663 [INFO] Activator:176 - 


2025-08-31 11:13:22,664 [INFO] Activator:177 - !SESSION log4j initialized
2025-08-31 11:13:23,840 [INFO] LogOutputStream:77 - [STDOUT_REDIRECT] 
2025-08-31 11:13:24,638 [ERROR] LogOutputStream:75 - [STDERR_REDIRECT] java.net.URISyntaxException: Illegal character in path at index 22: file:/home/farhan/test project/can bus project/stm32_can_bus/.metadata/.log4j2.xml
2025-08-31 11:13:24,638 [ERROR] LogOutputStream:75 - [STDERR_REDIRECT] 	at java.base/java.net.URI$Parser.fail(URI.java:2995)
2025-08-31 11:13:24,639 [ERROR] LogOutputStream:75 - [STDERR_REDIRECT] 	at java.base/java.net.URI$Parser.checkChars(URI.java:3166)
2025-08-31 11:13:24,639 [ERROR] LogOutputStream:75 - [STDERR_REDIRECT] 	at java.base/java.net.URI$Parser.parseHierarchical(URI.java:3248)
2025-08-31 11:13:24,639 [ERROR] LogOutputStream:75 - [STDERR_REDIRECT] 	at java.base/java.net.URI$Parser.parse(URI.java:3196)
2025-08-31 11:13:24,639 [ERROR] LogOutputStream:75 - [STDERR_REDIRECT] 	at java.base/java.net.URI.<init>(URI.java:645)
2025-08-31 11:13:24,640 [ERROR] LogOutputStream:75 - [STDERR_REDIRECT] 	at java.base/java.net.URL.toURI(URL.java:1220)
2025-08-31 11:13:24,640 [ERROR] LogOutputStream:75 - [STDERR_REDIRECT] 	at com.st.stm32cube.common.mx.core.CubeMxInstance.getInstance(CubeMxInstance.java:81)
2025-08-31 11:13:24,640 [ERROR] LogOutputStream:75 - [STDERR_REDIRECT] 	at com.st.stm32cube.common.mx.userauth.UserAuthAdapter.<init>(UserAuthAdapter.java:25)
2025-08-31 11:13:24,640 [ERROR] LogOutputStream:75 - [STDERR_REDIRECT] 	at com.st.stm32cube.common.mx.userauth.UserAuthProvider.getUserAuthAdapter(UserAuthProvider.java:16)
2025-08-31 11:13:24,640 [ERROR] LogOutputStream:75 - [STDERR_REDIRECT] 	at com.st.stm32cube.common.ecosystemintegration.ui.core.MCUEcoSystemIntegrationUiHelper.getUserAuth(MCUEcoSystemIntegrationUiHelper.java:100)
2025-08-31 11:13:24,640 [ERROR] LogOutputStream:75 - [STDERR_REDIRECT] 	at com.st.stm32cube.ide.mcu.userauth.UserAuthStartup.earlyStartup(UserAuthStartup.java:32)
2025-08-31 11:13:24,640 [ERROR] LogOutputStream:75 - [STDERR_REDIRECT] 	at org.eclipse.ui.internal.EarlyStartupRunnable.runEarlyStartup(EarlyStartupRunnable.java:79)
2025-08-31 11:13:24,640 [ERROR] LogOutputStream:75 - [STDERR_REDIRECT] 	at org.eclipse.ui.internal.EarlyStartupRunnable.run(EarlyStartupRunnable.java:55)
2025-08-31 11:13:24,640 [ERROR] LogOutputStream:75 - [STDERR_REDIRECT] 	at org.eclipse.core.runtime.SafeRunner.run(SafeRunner.java:47)
2025-08-31 11:13:24,641 [ERROR] LogOutputStream:75 - [STDERR_REDIRECT] 	at org.eclipse.ui.internal.Workbench$39.run(Workbench.java:2733)
2025-08-31 11:13:24,641 [ERROR] LogOutputStream:75 - [STDERR_REDIRECT] 	at org.eclipse.core.internal.jobs.Worker.run(Worker.java:63)
2025-08-31 11:13:26,244 [ERROR] LogOutputStream:75 - [STDERR_REDIRECT] Aug 31, 2025 11:13:26 AM java.util.prefs.FileSystemPreferences$2 run
2025-08-31 11:13:26,244 [ERROR] LogOutputStream:75 - [STDERR_REDIRECT] WARNING: Could not create system preferences directory. System preferences are unusable.
2025-08-31 11:13:26,244 [ERROR] LogOutputStream:75 - [STDERR_REDIRECT] 
2025-08-31 11:13:55,522 [ERROR] LogOutputStream:75 - [STDERR_REDIRECT] Aug 31, 2025 11:13:55 AM java.util.prefs.FileSystemPreferences checkLockFile0ErrorCode
2025-08-31 11:13:55,523 [ERROR] LogOutputStream:75 - [STDERR_REDIRECT] WARNING: Could not lock System prefs. Unix error code 2.
2025-08-31 11:13:55,523 [ERROR] LogOutputStream:75 - [STDERR_REDIRECT] 
2025-08-31 11:13:55,523 [ERROR] LogOutputStream:75 - [STDERR_REDIRECT] Aug 31, 2025 11:13:55 AM java.util.prefs.FileSystemPreferences syncWorld
2025-08-31 11:13:55,524 [ERROR] LogOutputStream:75 - [STDERR_REDIRECT] WARNING: Couldn't flush system prefs: java.util.prefs.BackingStoreException: Couldn't get file lock.
2025-08-31 11:13:55,524 [ERROR] LogOutputStream:75 - [STDERR_REDIRECT] 
2025-08-31 11:14:24,484 [ERROR] LogOutputStream:75 - [STDERR_REDIRECT] 
2025-08-31 11:14:31,638 [INFO] Activator:176 - 


2025-08-31 11:14:31,640 [INFO] Activator:177 - !SESSION log4j initialized
2025-08-31 11:14:32,841 [INFO] LogOutputStream:77 - [STDOUT_REDIRECT] 
2025-08-31 11:14:33,649 [ERROR] LogOutputStream:75 - [STDERR_REDIRECT] java.net.URISyntaxException: Illegal character in path at index 22: file:/home/farhan/test project/can bus project/stm32_can_bus/.metadata/.log4j2.xml
2025-08-31 11:14:33,650 [ERROR] LogOutputStream:75 - [STDERR_REDIRECT] 	at java.base/java.net.URI$Parser.fail(URI.java:2995)
2025-08-31 11:14:33,651 [ERROR] LogOutputStream:75 - [STDERR_REDIRECT] 	at java.base/java.net.URI$Parser.checkChars(URI.java:3166)
2025-08-31 11:14:33,651 [ERROR] LogOutputStream:75 - [STDERR_REDIRECT] 	at java.base/java.net.URI$Parser.parseHierarchical(URI.java:3248)
2025-08-31 11:14:33,651 [ERROR] LogOutputStream:75 - [STDERR_REDIRECT] 	at java.base/java.net.URI$Parser.parse(URI.java:3196)
2025-08-31 11:14:33,652 [ERROR] LogOutputStream:75 - [STDERR_REDIRECT] 	at java.base/java.net.URI.<init>(URI.java:645)
2025-08-31 11:14:33,652 [ERROR] LogOutputStream:75 - [STDERR_REDIRECT] 	at java.base/java.net.URL.toURI(URL.java:1220)
2025-08-31 11:14:33,652 [ERROR] LogOutputStream:75 - [STDERR_REDIRECT] 	at com.st.stm32cube.common.mx.core.CubeMxInstance.getInstance(CubeMxInstance.java:81)
2025-08-31 11:14:33,652 [ERROR] LogOutputStream:75 - [STDERR_REDIRECT] 	at com.st.stm32cube.common.mx.userauth.UserAuthAdapter.<init>(UserAuthAdapter.java:25)
2025-08-31 11:14:33,652 [ERROR] LogOutputStream:75 - [STDERR_REDIRECT] 	at com.st.stm32cube.common.mx.userauth.UserAuthProvider.getUserAuthAdapter(UserAuthProvider.java:16)
2025-08-31 11:14:33,652 [ERROR] LogOutputStream:75 - [STDERR_REDIRECT] 	at com.st.stm32cube.common.ecosystemintegration.ui.core.MCUEcoSystemIntegrationUiHelper.getUserAuth(MCUEcoSystemIntegrationUiHelper.java:100)
2025-08-31 11:14:33,652 [ERROR] LogOutputStream:75 - [STDERR_REDIRECT] 	at com.st.stm32cube.ide.mcu.userauth.UserAuthStartup.earlyStartup(UserAuthStartup.java:32)
2025-08-31 11:14:33,652 [ERROR] LogOutputStream:75 - [STDERR_REDIRECT] 	at org.eclipse.ui.internal.EarlyStartupRunnable.runEarlyStartup(EarlyStartupRunnable.java:79)
2025-08-31 11:14:33,653 [ERROR] LogOutputStream:75 - [STDERR_REDIRECT] 	at org.eclipse.ui.internal.EarlyStartupRunnable.run(EarlyStartupRunnable.java:55)
2025-08-31 11:14:33,653 [ERROR] LogOutputStream:75 - [STDERR_REDIRECT] 	at org.eclipse.core.runtime.SafeRunner.run(SafeRunner.java:47)
2025-08-31 11:14:33,653 [ERROR] LogOutputStream:75 - [STDERR_REDIRECT] 	at org.eclipse.ui.internal.Workbench$39.run(Workbench.java:2733)
2025-08-31 11:14:33,653 [ERROR] LogOutputStream:75 - [STDERR_REDIRECT] 	at org.eclipse.core.internal.jobs.Worker.run(Worker.java:63)
2025-08-31 11:14:35,270 [ERROR] LogOutputStream:75 - [STDERR_REDIRECT] Aug 31, 2025 11:14:35 AM java.util.prefs.FileSystemPreferences$2 run
2025-08-31 11:14:35,270 [ERROR] LogOutputStream:75 - [STDERR_REDIRECT] WARNING: Could not create system preferences directory. System preferences are unusable.
2025-08-31 11:14:35,270 [ERROR] LogOutputStream:75 - [STDERR_REDIRECT] 
2025-08-31 11:15:04,512 [ERROR] LogOutputStream:75 - [STDERR_REDIRECT] Aug 31, 2025 11:15:04 AM java.util.prefs.FileSystemPreferences checkLockFile0ErrorCode
2025-08-31 11:15:04,513 [ERROR] LogOutputStream:75 - [STDERR_REDIRECT] WARNING: Could not lock System prefs. Unix error code 2.
2025-08-31 11:15:04,513 [ERROR] LogOutputStream:75 - [STDERR_REDIRECT] 
2025-08-31 11:15:04,514 [ERROR] LogOutputStream:75 - [STDERR_REDIRECT] Aug 31, 2025 11:15:04 AM java.util.prefs.FileSystemPreferences syncWorld
2025-08-31 11:15:04,514 [ERROR] LogOutputStream:75 - [STDERR_REDIRECT] WARNING: Couldn't flush system prefs: java.util.prefs.BackingStoreException: Couldn't get file lock.
2025-08-31 11:15:04,514 [ERROR] LogOutputStream:75 - [STDERR_REDIRECT] 
2025-08-31 11:15:34,505 [ERROR] LogOutputStream:75 - [STDERR_REDIRECT] Aug 31, 2025 11:15:34 AM java.util.prefs.FileSystemPreferences checkLockFile0ErrorCode
2025-08-31 11:15:34,505 [ERROR] LogOutputStream:75 - [STDERR_REDIRECT] WARNING: Could not lock System prefs. Unix error code 2.
2025-08-31 11:15:34,506 [ERROR] LogOutputStream:75 - [STDERR_REDIRECT] 
2025-08-31 11:15:34,508 [ERROR] LogOutputStream:75 - [STDERR_REDIRECT] Aug 31, 2025 11:15:34 AM java.util.prefs.FileSystemPreferences syncWorld
2025-08-31 11:15:34,510 [ERROR] LogOutputStream:75 - [STDERR_REDIRECT] WARNING: Couldn't flush system prefs: java.util.prefs.BackingStoreException: Couldn't get file lock.
2025-08-31 11:15:34,510 [ERROR] LogOutputStream:75 - [STDERR_REDIRECT] 
2025-08-31 11:16:04,506 [ERROR] LogOutputStream:75 - [STDERR_REDIRECT] Aug 31, 2025 11:16:04 AM java.util.prefs.FileSystemPreferences checkLockFile0ErrorCode
2025-08-31 11:16:04,506 [ERROR] LogOutputStream:75 - [STDERR_REDIRECT] WARNING: Could not lock System prefs. Unix error code 2.
2025-08-31 11:16:04,507 [ERROR] LogOutputStream:75 - [STDERR_REDIRECT] 
2025-08-31 11:16:04,507 [ERROR] LogOutputStream:75 - [STDERR_REDIRECT] Aug 31, 2025 11:16:04 AM java.util.prefs.FileSystemPreferences syncWorld
2025-08-31 11:16:04,507 [ERROR] LogOutputStream:75 - [STDERR_REDIRECT] WARNING: Couldn't flush system prefs: java.util.prefs.BackingStoreException: Couldn't get file lock.
2025-08-31 11:16:04,507 [ERROR] LogOutputStream:75 - [STDERR_REDIRECT] 
2025-08-31 11:16:34,504 [ERROR] LogOutputStream:75 - [STDERR_REDIRECT] Aug 31, 2025 11:16:34 AM java.util.prefs.FileSystemPreferences checkLockFile0ErrorCode
2025-08-31 11:16:34,505 [ERROR] LogOutputStream:75 - [STDERR_REDIRECT] WARNING: Could not lock System prefs. Unix error code 2.
2025-08-31 11:16:34,505 [ERROR] LogOutputStream:75 - [STDERR_REDIRECT] 
2025-08-31 11:16:34,505 [ERROR] LogOutputStream:75 - [STDERR_REDIRECT] Aug 31, 2025 11:16:34 AM java.util.prefs.FileSystemPreferences syncWorld
2025-08-31 11:16:34,505 [ERROR] LogOutputStream:75 - [STDERR_REDIRECT] WARNING: Couldn't flush system prefs: java.util.prefs.BackingStoreException: Couldn't get file lock.
2025-08-31 11:16:34,505 [ERROR] LogOutputStream:75 - [STDERR_REDIRECT] 
2025-08-31 11:17:04,513 [ERROR] LogOutputStream:75 - [STDERR_REDIRECT] Aug 31, 2025 11:17:04 AM java.util.prefs.FileSystemPreferences checkLockFile0ErrorCode
2025-08-31 11:17:04,513 [ERROR] LogOutputStream:75 - [STDERR_REDIRECT] WARNING: Could not lock System prefs. Unix error code 2.
2025-08-31 11:17:04,513 [ERROR] LogOutputStream:75 - [STDERR_REDIRECT] 
2025-08-31 11:17:04,513 [ERROR] LogOutputStream:75 - [STDERR_REDIRECT] Aug 31, 2025 11:17:04 AM java.util.prefs.FileSystemPreferences syncWorld
2025-08-31 11:17:04,514 [ERROR] LogOutputStream:75 - [STDERR_REDIRECT] WARNING: Couldn't flush system prefs: java.util.prefs.BackingStoreException: Couldn't get file lock.
2025-08-31 11:17:04,514 [ERROR] LogOutputStream:75 - [STDERR_REDIRECT] 
2025-08-31 11:17:31,031 [ERROR] LogOutputStream:75 - [STDERR_REDIRECT] 
2025-08-31 11:18:27,182 [INFO] Activator:176 - 


2025-08-31 11:18:27,183 [INFO] Activator:177 - !SESSION log4j initialized
2025-08-31 11:18:28,569 [INFO] LogOutputStream:77 - [STDOUT_REDIRECT] 
2025-08-31 11:18:30,595 [ERROR] LogOutputStream:75 - [STDERR_REDIRECT] java.net.URISyntaxException: Illegal character in path at index 22: file:/home/farhan/test project/can bus project/stm32_can_bus/.metadata/.log4j2.xml
2025-08-31 11:18:30,596 [ERROR] LogOutputStream:75 - [STDERR_REDIRECT] 	at java.base/java.net.URI$Parser.fail(URI.java:2995)
2025-08-31 11:18:30,596 [ERROR] LogOutputStream:75 - [STDERR_REDIRECT] 	at java.base/java.net.URI$Parser.checkChars(URI.java:3166)
2025-08-31 11:18:30,597 [ERROR] LogOutputStream:75 - [STDERR_REDIRECT] 	at java.base/java.net.URI$Parser.parseHierarchical(URI.java:3248)
2025-08-31 11:18:30,597 [ERROR] LogOutputStream:75 - [STDERR_REDIRECT] 	at java.base/java.net.URI$Parser.parse(URI.java:3196)
2025-08-31 11:18:30,597 [ERROR] LogOutputStream:75 - [STDERR_REDIRECT] 	at java.base/java.net.URI.<init>(URI.java:645)
2025-08-31 11:18:30,597 [ERROR] LogOutputStream:75 - [STDERR_REDIRECT] 	at java.base/java.net.URL.toURI(URL.java:1220)
2025-08-31 11:18:30,597 [ERROR] LogOutputStream:75 - [STDERR_REDIRECT] 	at com.st.stm32cube.common.mx.core.CubeMxInstance.getInstance(CubeMxInstance.java:81)
2025-08-31 11:18:30,597 [ERROR] LogOutputStream:75 - [STDERR_REDIRECT] 	at com.st.stm32cube.common.mx.userauth.UserAuthAdapter.<init>(UserAuthAdapter.java:25)
2025-08-31 11:18:30,597 [ERROR] LogOutputStream:75 - [STDERR_REDIRECT] 	at com.st.stm32cube.common.mx.userauth.UserAuthProvider.getUserAuthAdapter(UserAuthProvider.java:16)
2025-08-31 11:18:30,598 [ERROR] LogOutputStream:75 - [STDERR_REDIRECT] 	at com.st.stm32cube.common.ecosystemintegration.ui.core.MCUEcoSystemIntegrationUiHelper.getUserAuth(MCUEcoSystemIntegrationUiHelper.java:100)
2025-08-31 11:18:30,598 [ERROR] LogOutputStream:75 - [STDERR_REDIRECT] 	at com.st.stm32cube.ide.mcu.userauth.UserAuthStartup.earlyStartup(UserAuthStartup.java:32)
2025-08-31 11:18:30,598 [ERROR] LogOutputStream:75 - [STDERR_REDIRECT] 	at org.eclipse.ui.internal.EarlyStartupRunnable.runEarlyStartup(EarlyStartupRunnable.java:79)
2025-08-31 11:18:30,598 [ERROR] LogOutputStream:75 - [STDERR_REDIRECT] 	at org.eclipse.ui.internal.EarlyStartupRunnable.run(EarlyStartupRunnable.java:55)
2025-08-31 11:18:30,598 [ERROR] LogOutputStream:75 - [STDERR_REDIRECT] 	at org.eclipse.core.runtime.SafeRunner.run(SafeRunner.java:47)
2025-08-31 11:18:30,598 [ERROR] LogOutputStream:75 - [STDERR_REDIRECT] 	at org.eclipse.ui.internal.Workbench$39.run(Workbench.java:2733)
2025-08-31 11:18:30,598 [ERROR] LogOutputStream:75 - [STDERR_REDIRECT] 	at org.eclipse.core.internal.jobs.Worker.run(Worker.java:63)
2025-08-31 11:18:32,200 [ERROR] LogOutputStream:75 - [STDERR_REDIRECT] Aug 31, 2025 11:18:32 AM java.util.prefs.FileSystemPreferences$2 run
2025-08-31 11:18:32,201 [ERROR] LogOutputStream:75 - [STDERR_REDIRECT] WARNING: Could not create system preferences directory. System preferences are unusable.
2025-08-31 11:18:32,201 [ERROR] LogOutputStream:75 - [STDERR_REDIRECT] 
2025-08-31 11:18:58,928 [ERROR] LogOutputStream:75 - [STDERR_REDIRECT] Aug 31, 2025 11:18:58 AM java.util.prefs.FileSystemPreferences checkLockFile0ErrorCode
2025-08-31 11:18:58,929 [ERROR] LogOutputStream:75 - [STDERR_REDIRECT] WARNING: Could not lock System prefs. Unix error code 2.
2025-08-31 11:18:58,929 [ERROR] LogOutputStream:75 - [STDERR_REDIRECT] 
2025-08-31 11:18:58,929 [ERROR] LogOutputStream:75 - [STDERR_REDIRECT] Aug 31, 2025 11:18:58 AM java.util.prefs.FileSystemPreferences syncWorld
2025-08-31 11:18:58,929 [ERROR] LogOutputStream:75 - [STDERR_REDIRECT] WARNING: Couldn't flush system prefs: java.util.prefs.BackingStoreException: Couldn't get file lock.
2025-08-31 11:18:58,929 [ERROR] LogOutputStream:75 - [STDERR_REDIRECT] 
2025-08-31 11:19:28,915 [ERROR] LogOutputStream:75 - [STDERR_REDIRECT] Aug 31, 2025 11:19:28 AM java.util.prefs.FileSystemPreferences checkLockFile0ErrorCode
2025-08-31 11:19:28,916 [ERROR] LogOutputStream:75 - [STDERR_REDIRECT] WARNING: Could not lock System prefs. Unix error code 2.
2025-08-31 11:19:28,916 [ERROR] LogOutputStream:75 - [STDERR_REDIRECT] 
2025-08-31 11:19:28,916 [ERROR] LogOutputStream:75 - [STDERR_REDIRECT] Aug 31, 2025 11:19:28 AM java.util.prefs.FileSystemPreferences syncWorld
2025-08-31 11:19:28,916 [ERROR] LogOutputStream:75 - [STDERR_REDIRECT] WARNING: Couldn't flush system prefs: java.util.prefs.BackingStoreException: Couldn't get file lock.
2025-08-31 11:19:28,916 [ERROR] LogOutputStream:75 - [STDERR_REDIRECT] 
2025-08-31 11:19:58,918 [ERROR] LogOutputStream:75 - [STDERR_REDIRECT] Aug 31, 2025 11:19:58 AM java.util.prefs.FileSystemPreferences checkLockFile0ErrorCode
2025-08-31 11:19:58,919 [ERROR] LogOutputStream:75 - [STDERR_REDIRECT] WARNING: Could not lock System prefs. Unix error code 2.
2025-08-31 11:19:58,919 [ERROR] LogOutputStream:75 - [STDERR_REDIRECT] 
2025-08-31 11:19:58,919 [ERROR] LogOutputStream:75 - [STDERR_REDIRECT] Aug 31, 2025 11:19:58 AM java.util.prefs.FileSystemPreferences syncWorld
2025-08-31 11:19:58,920 [ERROR] LogOutputStream:75 - [STDERR_REDIRECT] WARNING: Couldn't flush system prefs: java.util.prefs.BackingStoreException: Couldn't get file lock.
2025-08-31 11:19:58,920 [ERROR] LogOutputStream:75 - [STDERR_REDIRECT] 
2025-08-31 11:20:28,918 [ERROR] LogOutputStream:75 - [STDERR_REDIRECT] Aug 31, 2025 11:20:28 AM java.util.prefs.FileSystemPreferences checkLockFile0ErrorCode
2025-08-31 11:20:28,919 [ERROR] LogOutputStream:75 - [STDERR_REDIRECT] WARNING: Could not lock System prefs. Unix error code 2.
2025-08-31 11:20:28,919 [ERROR] LogOutputStream:75 - [STDERR_REDIRECT] 
2025-08-31 11:20:28,919 [ERROR] LogOutputStream:75 - [STDERR_REDIRECT] Aug 31, 2025 11:20:28 AM java.util.prefs.FileSystemPreferences syncWorld
2025-08-31 11:20:28,919 [ERROR] LogOutputStream:75 - [STDERR_REDIRECT] WARNING: Couldn't flush system prefs: java.util.prefs.BackingStoreException: Couldn't get file lock.
2025-08-31 11:20:28,919 [ERROR] LogOutputStream:75 - [STDERR_REDIRECT] 
2025-08-31 11:20:58,918 [ERROR] LogOutputStream:75 - [STDERR_REDIRECT] Aug 31, 2025 11:20:58 AM java.util.prefs.FileSystemPreferences checkLockFile0ErrorCode
2025-08-31 11:20:58,919 [ERROR] LogOutputStream:75 - [STDERR_REDIRECT] WARNING: Could not lock System prefs. Unix error code 2.
2025-08-31 11:20:58,919 [ERROR] LogOutputStream:75 - [STDERR_REDIRECT] 
2025-08-31 11:20:58,919 [ERROR] LogOutputStream:75 - [STDERR_REDIRECT] Aug 31, 2025 11:20:58 AM java.util.prefs.FileSystemPreferences syncWorld
2025-08-31 11:20:58,919 [ERROR] LogOutputStream:75 - [STDERR_REDIRECT] WARNING: Couldn't flush system prefs: java.util.prefs.BackingStoreException: Couldn't get file lock.
2025-08-31 11:20:58,919 [ERROR] LogOutputStream:75 - [STDERR_REDIRECT] 
2025-08-31 11:21:28,917 [ERROR] LogOutputStream:75 - [STDERR_REDIRECT] Aug 31, 2025 11:21:28 AM java.util.prefs.FileSystemPreferences checkLockFile0ErrorCode
2025-08-31 11:21:28,917 [ERROR] LogOutputStream:75 - [STDERR_REDIRECT] WARNING: Could not lock System prefs. Unix error code 2.
2025-08-31 11:21:28,918 [ERROR] LogOutputStream:75 - [STDERR_REDIRECT] 
2025-08-31 11:21:28,918 [ERROR] LogOutputStream:75 - [STDERR_REDIRECT] Aug 31, 2025 11:21:28 AM java.util.prefs.FileSystemPreferences syncWorld
2025-08-31 11:21:28,918 [ERROR] LogOutputStream:75 - [STDERR_REDIRECT] WARNING: Couldn't flush system prefs: java.util.prefs.BackingStoreException: Couldn't get file lock.
2025-08-31 11:21:28,918 [ERROR] LogOutputStream:75 - [STDERR_REDIRECT] 
2025-08-31 11:21:58,919 [ERROR] LogOutputStream:75 - [STDERR_REDIRECT] Aug 31, 2025 11:21:58 AM java.util.prefs.FileSystemPreferences checkLockFile0ErrorCode
2025-08-31 11:21:58,920 [ERROR] LogOutputStream:75 - [STDERR_REDIRECT] WARNING: Could not lock System prefs. Unix error code 2.
2025-08-31 11:21:58,920 [ERROR] LogOutputStream:75 - [STDERR_REDIRECT] 
2025-08-31 11:21:58,920 [ERROR] LogOutputStream:75 - [STDERR_REDIRECT] Aug 31, 2025 11:21:58 AM java.util.prefs.FileSystemPreferences syncWorld
2025-08-31 11:21:58,920 [ERROR] LogOutputStream:75 - [STDERR_REDIRECT] WARNING: Couldn't flush system prefs: java.util.prefs.BackingStoreException: Couldn't get file lock.
2025-08-31 11:21:58,920 [ERROR] LogOutputStream:75 - [STDERR_REDIRECT] 
2025-08-31 11:22:28,918 [ERROR] LogOutputStream:75 - [STDERR_REDIRECT] Aug 31, 2025 11:22:28 AM java.util.prefs.FileSystemPreferences checkLockFile0ErrorCode
2025-08-31 11:22:28,918 [ERROR] LogOutputStream:75 - [STDERR_REDIRECT] WARNING: Could not lock System prefs. Unix error code 2.
2025-08-31 11:22:28,918 [ERROR] LogOutputStream:75 - [STDERR_REDIRECT] 
2025-08-31 11:22:28,919 [ERROR] LogOutputStream:75 - [STDERR_REDIRECT] Aug 31, 2025 11:22:28 AM java.util.prefs.FileSystemPreferences syncWorld
2025-08-31 11:22:28,919 [ERROR] LogOutputStream:75 - [STDERR_REDIRECT] WARNING: Couldn't flush system prefs: java.util.prefs.BackingStoreException: Couldn't get file lock.
2025-08-31 11:22:28,919 [ERROR] LogOutputStream:75 - [STDERR_REDIRECT] 
2025-08-31 11:22:58,920 [ERROR] LogOutputStream:75 - [STDERR_REDIRECT] Aug 31, 2025 11:22:58 AM java.util.prefs.FileSystemPreferences checkLockFile0ErrorCode
2025-08-31 11:22:58,921 [ERROR] LogOutputStream:75 - [STDERR_REDIRECT] WARNING: Could not lock System prefs. Unix error code 2.
2025-08-31 11:22:58,921 [ERROR] LogOutputStream:75 - [STDERR_REDIRECT] 
2025-08-31 11:22:58,921 [ERROR] LogOutputStream:75 - [STDERR_REDIRECT] Aug 31, 2025 11:22:58 AM java.util.prefs.FileSystemPreferences syncWorld
2025-08-31 11:22:58,921 [ERROR] LogOutputStream:75 - [STDERR_REDIRECT] WARNING: Couldn't flush system prefs: java.util.prefs.BackingStoreException: Couldn't get file lock.
2025-08-31 11:22:58,922 [ERROR] LogOutputStream:75 - [STDERR_REDIRECT] 
2025-08-31 11:23:28,919 [ERROR] LogOutputStream:75 - [STDERR_REDIRECT] Aug 31, 2025 11:23:28 AM java.util.prefs.FileSystemPreferences checkLockFile0ErrorCode
2025-08-31 11:23:28,920 [ERROR] LogOutputStream:75 - [STDERR_REDIRECT] WARNING: Could not lock System prefs. Unix error code 2.
2025-08-31 11:23:28,920 [ERROR] LogOutputStream:75 - [STDERR_REDIRECT] 
2025-08-31 11:23:28,920 [ERROR] LogOutputStream:75 - [STDERR_REDIRECT] Aug 31, 2025 11:23:28 AM java.util.prefs.FileSystemPreferences syncWorld
2025-08-31 11:23:28,920 [ERROR] LogOutputStream:75 - [STDERR_REDIRECT] WARNING: Couldn't flush system prefs: java.util.prefs.BackingStoreException: Couldn't get file lock.
2025-08-31 11:23:28,920 [ERROR] LogOutputStream:75 - [STDERR_REDIRECT] 
2025-08-31 11:23:58,920 [ERROR] LogOutputStream:75 - [STDERR_REDIRECT] Aug 31, 2025 11:23:58 AM java.util.prefs.FileSystemPreferences checkLockFile0ErrorCode
2025-08-31 11:23:58,920 [ERROR] LogOutputStream:75 - [STDERR_REDIRECT] WARNING: Could not lock System prefs. Unix error code 2.
2025-08-31 11:23:58,920 [ERROR] LogOutputStream:75 - [STDERR_REDIRECT] 
2025-08-31 11:23:58,921 [ERROR] LogOutputStream:75 - [STDERR_REDIRECT] Aug 31, 2025 11:23:58 AM java.util.prefs.FileSystemPreferences syncWorld
2025-08-31 11:23:58,921 [ERROR] LogOutputStream:75 - [STDERR_REDIRECT] WARNING: Couldn't flush system prefs: java.util.prefs.BackingStoreException: Couldn't get file lock.
2025-08-31 11:23:58,921 [ERROR] LogOutputStream:75 - [STDERR_REDIRECT] 
2025-08-31 11:24:28,919 [ERROR] LogOutputStream:75 - [STDERR_REDIRECT] Aug 31, 2025 11:24:28 AM java.util.prefs.FileSystemPreferences checkLockFile0ErrorCode
2025-08-31 11:24:28,919 [ERROR] LogOutputStream:75 - [STDERR_REDIRECT] WARNING: Could not lock System prefs. Unix error code 2.
2025-08-31 11:24:28,920 [ERROR] LogOutputStream:75 - [STDERR_REDIRECT] 
2025-08-31 11:24:28,920 [ERROR] LogOutputStream:75 - [STDERR_REDIRECT] Aug 31, 2025 11:24:28 AM java.util.prefs.FileSystemPreferences syncWorld
2025-08-31 11:24:28,920 [ERROR] LogOutputStream:75 - [STDERR_REDIRECT] WARNING: Couldn't flush system prefs: java.util.prefs.BackingStoreException: Couldn't get file lock.
2025-08-31 11:24:28,920 [ERROR] LogOutputStream:75 - [STDERR_REDIRECT] 
2025-08-31 11:24:58,921 [ERROR] LogOutputStream:75 - [STDERR_REDIRECT] Aug 31, 2025 11:24:58 AM java.util.prefs.FileSystemPreferences checkLockFile0ErrorCode
2025-08-31 11:24:58,921 [ERROR] LogOutputStream:75 - [STDERR_REDIRECT] WARNING: Could not lock System prefs. Unix error code 2.
2025-08-31 11:24:58,921 [ERROR] LogOutputStream:75 - [STDERR_REDIRECT] 
2025-08-31 11:24:58,922 [ERROR] LogOutputStream:75 - [STDERR_REDIRECT] Aug 31, 2025 11:24:58 AM java.util.prefs.FileSystemPreferences syncWorld
2025-08-31 11:24:58,922 [ERROR] LogOutputStream:75 - [STDERR_REDIRECT] WARNING: Couldn't flush system prefs: java.util.prefs.BackingStoreException: Couldn't get file lock.
2025-08-31 11:24:58,922 [ERROR] LogOutputStream:75 - [STDERR_REDIRECT] 
2025-08-31 11:25:28,920 [ERROR] LogOutputStream:75 - [STDERR_REDIRECT] Aug 31, 2025 11:25:28 AM java.util.prefs.FileSystemPreferences checkLockFile0ErrorCode
2025-08-31 11:25:28,921 [ERROR] LogOutputStream:75 - [STDERR_REDIRECT] WARNING: Could not lock System prefs. Unix error code 2.
2025-08-31 11:25:28,921 [ERROR] LogOutputStream:75 - [STDERR_REDIRECT] 
2025-08-31 11:25:28,921 [ERROR] LogOutputStream:75 - [STDERR_REDIRECT] Aug 31, 2025 11:25:28 AM java.util.prefs.FileSystemPreferences syncWorld
2025-08-31 11:25:28,921 [ERROR] LogOutputStream:75 - [STDERR_REDIRECT] WARNING: Couldn't flush system prefs: java.util.prefs.BackingStoreException: Couldn't get file lock.
2025-08-31 11:25:28,921 [ERROR] LogOutputStream:75 - [STDERR_REDIRECT] 
2025-08-31 11:25:58,920 [ERROR] LogOutputStream:75 - [STDERR_REDIRECT] Aug 31, 2025 11:25:58 AM java.util.prefs.FileSystemPreferences checkLockFile0ErrorCode
2025-08-31 11:25:58,920 [ERROR] LogOutputStream:75 - [STDERR_REDIRECT] WARNING: Could not lock System prefs. Unix error code 2.
2025-08-31 11:25:58,921 [ERROR] LogOutputStream:75 - [STDERR_REDIRECT] 
2025-08-31 11:25:58,921 [ERROR] LogOutputStream:75 - [STDERR_REDIRECT] Aug 31, 2025 11:25:58 AM java.util.prefs.FileSystemPreferences syncWorld
2025-08-31 11:25:58,921 [ERROR] LogOutputStream:75 - [STDERR_REDIRECT] WARNING: Couldn't flush system prefs: java.util.prefs.BackingStoreException: Couldn't get file lock.
2025-08-31 11:25:58,922 [ERROR] LogOutputStream:75 - [STDERR_REDIRECT] 
2025-08-31 11:26:28,921 [ERROR] LogOutputStream:75 - [STDERR_REDIRECT] Aug 31, 2025 11:26:28 AM java.util.prefs.FileSystemPreferences checkLockFile0ErrorCode
2025-08-31 11:26:28,921 [ERROR] LogOutputStream:75 - [STDERR_REDIRECT] WARNING: Could not lock System prefs. Unix error code 2.
2025-08-31 11:26:28,922 [ERROR] LogOutputStream:75 - [STDERR_REDIRECT] 
2025-08-31 11:26:28,922 [ERROR] LogOutputStream:75 - [STDERR_REDIRECT] Aug 31, 2025 11:26:28 AM java.util.prefs.FileSystemPreferences syncWorld
2025-08-31 11:26:28,922 [ERROR] LogOutputStream:75 - [STDERR_REDIRECT] WARNING: Couldn't flush system prefs: java.util.prefs.BackingStoreException: Couldn't get file lock.
2025-08-31 11:26:28,922 [ERROR] LogOutputStream:75 - [STDERR_REDIRECT] 
2025-08-31 11:26:58,922 [ERROR] LogOutputStream:75 - [STDERR_REDIRECT] Aug 31, 2025 11:26:58 AM java.util.prefs.FileSystemPreferences checkLockFile0ErrorCode
2025-08-31 11:26:58,922 [ERROR] LogOutputStream:75 - [STDERR_REDIRECT] WARNING: Could not lock System prefs. Unix error code 2.
2025-08-31 11:26:58,922 [ERROR] LogOutputStream:75 - [STDERR_REDIRECT] 
2025-08-31 11:26:58,923 [ERROR] LogOutputStream:75 - [STDERR_REDIRECT] Aug 31, 2025 11:26:58 AM java.util.prefs.FileSystemPreferences syncWorld
2025-08-31 11:26:58,923 [ERROR] LogOutputStream:75 - [STDERR_REDIRECT] WARNING: Couldn't flush system prefs: java.util.prefs.BackingStoreException: Couldn't get file lock.
2025-08-31 11:26:58,923 [ERROR] LogOutputStream:75 - [STDERR_REDIRECT] 
2025-08-31 11:27:28,922 [ERROR] LogOutputStream:75 - [STDERR_REDIRECT] Aug 31, 2025 11:27:28 AM java.util.prefs.FileSystemPreferences checkLockFile0ErrorCode
2025-08-31 11:27:28,923 [ERROR] LogOutputStream:75 - [STDERR_REDIRECT] WARNING: Could not lock System prefs. Unix error code 2.
2025-08-31 11:27:28,923 [ERROR] LogOutputStream:75 - [STDERR_REDIRECT] 
2025-08-31 11:27:28,924 [ERROR] LogOutputStream:75 - [STDERR_REDIRECT] Aug 31, 2025 11:27:28 AM java.util.prefs.FileSystemPreferences syncWorld
2025-08-31 11:27:28,924 [ERROR] LogOutputStream:75 - [STDERR_REDIRECT] WARNING: Couldn't flush system prefs: java.util.prefs.BackingStoreException: Couldn't get file lock.
2025-08-31 11:27:28,924 [ERROR] LogOutputStream:75 - [STDERR_REDIRECT] 
